<?xml version='1.0' encoding='UTF-8'?>
<testsuite hostname="merl" name="practice.mwTests" tests="1" errors="0" failures="0" skipped="0" time="5.08" timestamp="2021-10-06T13:20:09">
                     <properties>
[...]
</properties>
                     <testcase classname="practice.mwTests" name="mw" time="5.08">
                                                 
                                               </testcase>
                     <system-out><![CDATA[]]></system-out>
                     <system-err><![CDATA[]]></system-err>
                   </testsuite>