<?xml version='1.0' encoding='UTF-8'?>
<testsuite hostname="pop-os" name="practice.AdderTests" tests="1" errors="0" failures="0" skipped="0" time="10.981" timestamp="2021-10-03T15:51:02">
                     <properties>
[...]
</properties>
                     <testcase classname="practice.AdderTests" name="Adder is beautiful" time="10.981">
                                                 
                                               </testcase>
                     <system-out><![CDATA[]]></system-out>
                     <system-err><![CDATA[]]></system-err>
                   </testsuite>